<<<<<<< HEAD
2026-03-23 21:20:46,267 | INFO | src.processor | ENCRYPTION_KEY not set - encryption/decryption will be skipped.
2026-03-23 21:20:46,314 | ERROR | src.processor | Error processing empty_file.csv
Traceback (most recent call last):
  File "C:\Users\Andrei\Documents\GitHub\elective4project\src\mask_sensitive_columns.py", line 112, in _read_csv_flexible
    df = pd.read_csv(csv_path, **options)
         ^^^^^^^^^^^^^^^^^^^^^^^^^^^^^^^^
  File "C:\Users\Andrei\AppData\Local\Programs\Python\Python312\Lib\site-packages\pandas\io\parsers\readers.py", line 1026, in read_csv
    return _read(filepath_or_buffer, kwds)
           ^^^^^^^^^^^^^^^^^^^^^^^^^^^^^^^
  File "C:\Users\Andrei\AppData\Local\Programs\Python\Python312\Lib\site-packages\pandas\io\parsers\readers.py", line 620, in _read
    parser = TextFileReader(filepath_or_buffer, **kwds)
             ^^^^^^^^^^^^^^^^^^^^^^^^^^^^^^^^^^^^^^^^^^
  File "C:\Users\Andrei\AppData\Local\Programs\Python\Python312\Lib\site-packages\pandas\io\parsers\readers.py", line 1620, in __init__
    self._engine = self._make_engine(f, self.engine)
                   ^^^^^^^^^^^^^^^^^^^^^^^^^^^^^^^^^
  File "C:\Users\Andrei\AppData\Local\Programs\Python\Python312\Lib\site-packages\pandas\io\parsers\readers.py", line 1898, in _make_engine
    return mapping[engine](f, **self.options)
           ^^^^^^^^^^^^^^^^^^^^^^^^^^^^^^^^^^
  File "C:\Users\Andrei\AppData\Local\Programs\Python\Python312\Lib\site-packages\pandas\io\parsers\c_parser_wrapper.py", line 93, in __init__
    self._reader = parsers.TextReader(src, **kwds)
                   ^^^^^^^^^^^^^^^^^^^^^^^^^^^^^^^
  File "parsers.pyx", line 581, in pandas._libs.parsers.TextReader.__cinit__
pandas.errors.EmptyDataError: No columns to parse from file

The above exception was the direct cause of the following exception:

Traceback (most recent call last):
  File "C:\Users\Andrei\Documents\GitHub\elective4project\src\processor.py", line 78, in _process_csv_file
    masked_path = mask_sensitive_columns(csv_path, output_dir=file_output_dir)
                  ^^^^^^^^^^^^^^^^^^^^^^^^^^^^^^^^^^^^^^^^^^^^^^^^^^^^^^^^^^^^
  File "C:\Users\Andrei\Documents\GitHub\elective4project\src\mask_sensitive_columns.py", line 149, in mask_sensitive_columns
    df = _read_csv_flexible(csv_path)
         ^^^^^^^^^^^^^^^^^^^^^^^^^^^^
  File "C:\Users\Andrei\Documents\GitHub\elective4project\src\mask_sensitive_columns.py", line 119, in _read_csv_flexible
    raise ValueError(f"Unable to parse CSV file: {csv_path}") from last_error
ValueError: Unable to parse CSV file: C:\Users\Andrei\Documents\GitHub\elective4project\input\empty_file.csv
2026-03-23 21:20:46,649 | INFO | src.processor | bad_data.csv: ok -> ['integrity_verified', 'bad_data_masked.csv', 'bad_data_masked.checksum']
2026-03-23 21:20:46,649 | INFO | src.processor | broken_file.csv: ok -> ['integrity_verified', 'broken_file_masked.csv', 'broken_file_masked.checksum']
2026-03-23 21:20:46,649 | INFO | src.processor | empty_file.csv: error -> ['integrity_verified']
2026-03-23 21:20:46,650 | INFO | src.processor | external_dataset.csv: ok -> ['integrity_verified', 'external_dataset_masked.csv', 'external_dataset_masked.checksum']
2026-03-23 21:20:46,650 | INFO | src.processor | sample_data2.csv: ok -> ['integrity_verified', 'sample_data2_masked.csv', 'sample_data2_masked.checksum']
2026-03-23 21:20:46,650 | INFO | src.processor | test.csv: ok -> ['integrity_verified', 'test_masked.csv', 'test_masked.checksum']
2026-03-23 21:20:46,650 | INFO | src.processor | test1.csv: ok -> ['integrity_verified', 'test1_masked.csv', 'test1_masked.checksum']
2026-03-23 21:20:46,650 | INFO | src.processor | test4.csv: ok -> ['integrity_verified', 'test4_masked.csv', 'test4_masked.checksum']
2026-03-23 21:20:46,650 | INFO | src.processor | testbin.bin: skipped -> ['decryption_skipped_no_key']
2026-03-23 21:20:46,650 | INFO | src.processor | testing_bin.bin: skipped -> ['decryption_skipped_no_key']
2026-03-23 21:20:46,916 | INFO | src.processor | Summary JSON generated: C:\Users\Andrei\Documents\GitHub\elective4project\output\pipeline_summary.json
2026-03-23 21:20:46,916 | INFO | src.processor | Summary chart generated: C:\Users\Andrei\Documents\GitHub\elective4project\output\pipeline_summary.png
=======
2026-03-23 13:18:54,373 | WARNING | src.processor | Skipping testbin.bin: Decryption failed. Invalid or wrong encryption key.
2026-03-23 13:18:54,374 | INFO | src.processor | test.csv: ok -> ['integrity_verified', 'test_encrypted.bin', 'test_masked.csv', 'test_masked.checksum']
2026-03-23 13:18:54,374 | INFO | src.processor | sample_data2.csv: ok -> ['integrity_verified', 'sample_data2_encrypted.bin', 'sample_data2_masked.csv', 'sample_data2_masked.checksum']
2026-03-23 13:18:54,374 | INFO | src.processor | test1.csv: ok -> ['integrity_verified', 'test1_encrypted.bin', 'test1_masked.csv', 'test1_masked.checksum']
2026-03-23 13:18:54,374 | INFO | src.processor | bad_data.csv: ok -> ['integrity_verified', 'bad_data_encrypted.bin', 'bad_data_masked.csv', 'bad_data_masked.checksum']
2026-03-23 13:18:54,374 | INFO | src.processor | broken_file.csv: ok -> ['integrity_verified', 'broken_file_encrypted.bin', 'broken_file_masked.csv', 'broken_file_masked.checksum']
2026-03-23 13:18:54,374 | INFO | src.processor | external_dataset.csv: ok -> ['integrity_verified', 'external_dataset_encrypted.bin', 'external_dataset_masked.csv', 'external_dataset_masked.checksum']
2026-03-23 13:18:54,374 | INFO | src.processor | test4.csv: ok -> ['integrity_verified', 'test4_encrypted.bin', 'test4_masked.csv', 'test4_masked.checksum']
2026-03-23 13:18:54,374 | INFO | src.processor | testbin.bin: skipped -> ['decryption_skipped_invalid_file']
2026-03-23 13:18:54,374 | INFO | src.processor | testing_bin.bin: ok -> ['testing_bin_decrypted.csv']
2026-03-23 13:18:54,485 | INFO | src.processor | Summary JSON generated: /home/runner/work/elective4project/elective4project/output/pipeline_summary.json
2026-03-23 13:18:54,485 | INFO | src.processor | Summary chart generated: /home/runner/work/elective4project/elective4project/output/pipeline_summary.png
>>>>>>> 70040db0ac24a0b476149bde00e0a97e0a038f22
